Log file open, 01/17/22 22:01:22
LogWindows: Failed to load 'aqProf.dll' (GetLastError=126)
LogWindows: File 'aqProf.dll' does not exist
LogProfilingDebugging: Loading WinPixEventRuntime.dll for PIX profiling (from ../../../Engine/Binaries/ThirdParty/Windows/WinPixEventRuntime/x64).
LogWindows: Failed to load '../../../Engine/Binaries/ThirdParty/Windows/WinPixEventRuntime/x64/WinPixEventRuntime.dll' (GetLastError=126)
LogWindows: File '../../../Engine/Binaries/ThirdParty/Windows/WinPixEventRuntime/x64/WinPixEventRuntime.dll' does not exist
LogProfilingDebugging: Error: Failed to get WinPixEventRuntime.dll handle: 系统找不到指定的路径。 (3)
LogWindows: Failed to load 'VSPerf140.dll' (GetLastError=126)
LogWindows: File 'VSPerf140.dll' does not exist
LogWindows: Failed to load 'VtuneApi.dll' (GetLastError=126)
LogWindows: File 'VtuneApi.dll' does not exist
LogWindows: Failed to load 'VtuneApi32e.dll' (GetLastError=126)
LogWindows: File 'VtuneApi32e.dll' does not exist
LogPlatformFile: Not using cached read wrapper
LogICUInternationalization: ICU TimeZone Detection - Raw Offset: +8:00, Platform Override: ''
LogWindows: Failed to load '../../../Engine/Binaries/ThirdParty/DbgHelp/dbghelp.dll' (GetLastError=126)
LogWindows: File '../../../Engine/Binaries/ThirdParty/DbgHelp/dbghelp.dll' does not exist
LogInit: Build: ++UE5+Release-5.0-EarlyAccess-CL-0
LogInit: Engine Version: 5.0.0-0+++UE5+Release-5.0-EarlyAccess
LogInit: Compatible Engine Version: 5.0.0-0+++UE5+Release-5.0-EarlyAccess
LogInit: Net CL: 0
LogInit: OS: Windows 10 (Release 2004) (), CPU: Intel(R) Core(TM) i9-9900K CPU @ 3.60GHz, GPU: NVIDIA GeForce RTX 2070
LogInit: Compiled (64-bit): Jan 17 2022 21:27:16
LogInit: Compiled with Visual C++: 19.29.30133.00
LogInit: Build Configuration: Development
LogInit: Branch Name: ++UE5+Release-5.0-EarlyAccess
LogInit: Command Line: -Protocol=1 -VersionName=1.3.2 -Bucket=Hello -PatchVersionLogName=Version/VersionLog.con -ServerVersionName=Version/ServerVersion.con -VersionLock=Version/MutexVersion.con -platform=Windows -PakLocalPaths=I:/newue5/Engine/Binaries/Win64/ -InstallationPath=NONE -bMainVersion=true -FilePath=P:/ReHotUpdate/Content/NewWidgetBlueprint.uasset -BasedOnwhichVersionString=I:/newue5/Engine/Binaries/Win64/ -LinkURL=192.168.1.16/Hello -LocalVersionPath=P:/ReHotUpdate/IIII
LogInit: Base Directory: I:/newue5/Engine/Plugins/RENZHAI/SimpleHotUpdate/Engine/Binaries/Win64/
LogInit: Allocator: Mimalloc
LogInit: Installed Engine Build: 0
LogDevObjectVersion: Number of dev versions registered: 32
LogDevObjectVersion:   Dev-Blueprints (B0D832E4-1F89-4F0D-ACCF-7EB736FD4AA2): 10
LogDevObjectVersion:   Dev-Build (E1C64328-A22C-4D53-A36C-8E866417BD8C): 0
LogDevObjectVersion:   Dev-Core (375EC13C-06E4-48FB-B500-84F0262A717E): 4
LogDevObjectVersion:   Dev-Editor (E4B068ED-F494-42E9-A231-DA0B2E46BB41): 40
LogDevObjectVersion:   Dev-Framework (CFFC743F-43B0-4480-9391-14DF171D2073): 37
LogDevObjectVersion:   Dev-Mobile (B02B49B5-BB20-44E9-A304-32B752E40360): 3
LogDevObjectVersion:   Dev-Networking (A4E4105C-59A1-49B5-A7C5-40C4547EDFEE): 0
LogDevObjectVersion:   Dev-Online (39C831C9-5AE6-47DC-9A44-9C173E1C8E7C): 0
LogDevObjectVersion:   Dev-Physics (78F01B33-EBEA-4F98-B9B4-84EACCB95AA2): 7
LogDevObjectVersion:   Dev-Platform (6631380F-2D4D-43E0-8009-CF276956A95A): 0
LogDevObjectVersion:   Dev-Rendering (12F88B9F-8875-4AFC-A67C-D90C383ABD29): 45
LogDevObjectVersion:   Dev-Sequencer (7B5AE74C-D270-4C10-A958-57980B212A5A): 13
LogDevObjectVersion:   Dev-VR (D7296918-1DD6-4BDD-9DE2-64A83CC13884): 3
LogDevObjectVersion:   Dev-LoadTimes (C2A15278-BFE7-4AFE-6C17-90FF531DF755): 1
LogDevObjectVersion:   Private-Geometry (6EACA3D4-40EC-4CC1-B786-8BED09428FC5): 3
LogDevObjectVersion:   Dev-AnimPhys (29E575DD-E0A3-4627-9D10-D276232CDCEA): 17
LogDevObjectVersion:   Dev-Anim (AF43A65D-7FD3-4947-9873-3E8ED9C1BB05): 15
LogDevObjectVersion:   Dev-ReflectionCapture (6B266CEC-1EC7-4B8F-A30B-E4D90942FC07): 1
LogDevObjectVersion:   Dev-Automation (0DF73D61-A23F-47EA-B727-89E90C41499A): 1
LogDevObjectVersion:   FortniteMain (601D1886-AC64-4F84-AA16-D3DE0DEAC7D6): 44
LogDevObjectVersion:   FortniteRelease (E7086368-6B23-4C58-8439-1B7016265E91): 1
LogDevObjectVersion:   Dev-Enterprise (9DFFBCD6-494F-0158-E221-12823C92A888): 10
LogDevObjectVersion:   Dev-Niagara (F2AED0AC-9AFE-416F-8664-AA7FFA26D6FC): 1
LogDevObjectVersion:   Dev-Destruction (174F1F0B-B4C6-45A5-B13F-2EE8D0FB917D): 10
LogDevObjectVersion:   Dev-Physics-Ext (35F94A83-E258-406C-A318-09F59610247C): 41
LogDevObjectVersion:   Dev-PhysicsMaterial-Chaos (B68FC16E-8B1B-42E2-B453-215C058844FE): 1
LogDevObjectVersion:   Dev-CineCamera (B2E18506-4273-CFC2-A54E-F4BB758BBA07): 1
LogDevObjectVersion:   Dev-VirtualProduction (64F58936-FD1B-42BA-BA96-7289D5D0FA4E): 1
LogDevObjectVersion:   UE5-Main (697DD581-E64F-41AB-AA4A-51ECBEB7B628): 26
LogDevObjectVersion:   UE5-Release (D89B5E42-24BD-4D46-8412-ACA8DF641779): 10
LogDevObjectVersion:   UE5-Dev-Cooker (26075A32-730F-4708-88E9-8C32F1599D05): 0
LogDevObjectVersion:   Dev-MediaFramework (6F0ED827-A609-4895-9C91-998D90180EA4): 2
LogInit: Presizing for max 100000 objects, including 0 objects not considered by GC, pre-allocating 0 bytes for permanent pool.
LogConfig: Applying CVar settings from Section [/Script/Engine.StreamingSettings] File [Engine]
LogInit: Object subsystem initialized
LogConfig: Applying CVar settings from Section [Startup] File [../../../Engine/Config/ConsoleVariables.ini]
LogConfig: Applying CVar settings from Section [ConsoleVariables] File [Engine]
LogInit: Computer: MS-BVYEYMGADXYE
LogInit: User: Administrator
LogInit: CPU Page size=4096, Cores=8
LogInit: High frequency timer resolution =10.000000 MHz
LogMemory: Memory total: Physical=127.9GB (128GB approx)
LogMemory: Platform Memory Stats for WindowsEditor
LogMemory: Process Physical Memory: 32.18 MB used, 32.19 MB peak
LogMemory: Process Virtual Memory: 64.96 MB used, 64.96 MB peak
LogMemory: Physical Memory: 26395.92 MB used,  104605.73 MB free, 131001.66 MB total
LogMemory: Virtual Memory: 31696.03 MB used,  118761.62 MB free, 150457.66 MB total
LogUObjectArray: 387 objects as part of root set at end of initial load.
LogUObjectAllocator: 73608 out of 0 bytes used by permanent object pool.
LogUObjectArray: CloseDisregardForGC: 0/0 objects in disregard for GC pool
LogPaths: Warning: No paths for game localization data were specifed in the game configuration.
LogInit: Using OS detected language (zh-CN).
LogInit: Using OS detected locale (zh-CN).
LogInit: Warning: No paths for engine localization data were specifed in the engine configuration.
LogTextLocalizationManager: No localization for 'zh-CN' exists, so 'en' will be used for the language.
LogTextLocalizationManager: No localization for 'zh-CN' exists, so 'en' will be used for the locale.
LogInit: Using OS detected language (zh-CN).
LogInit: Using OS detected locale (zh-CN).
LogTextLocalizationManager: No localization for 'zh-CN' exists, so 'en' will be used for the language.
LogTextLocalizationManager: No localization for 'zh-CN' exists, so 'en' will be used for the locale.
LogTextLocalizationManager: Compacting localization data took   0.00ms
LogPackageLocalizationCache: Processed 2 localized package path(s) for 1 prioritized culture(s) in 0.000099 seconds
LogLocalObjectStorageClient: Display: Hello World
LogLocalObjectStorageClient: Error: -VersionJson= was not found value
LogLocalObjectStorageClient: Display: Upload P:/ReHotUpdate/Content/NewWidgetBlueprint.uasset succeeded.
LogExit: Exiting.
Log file closed, 01/17/22 22:01:22
